Построение начато 23.12.2017 20:48:09.
     1>Проект "C:\Documents and Settings\Администратор\Рабочий стол\oop\Lab9\Lab9\MatrixExec\MatrixExec.vcxproj" в узле 2 (целевые объекты build).
     1>InitializeBuildStatus:
         Создание "Debug\MatrixExec.unsuccessfulbuild", так как было задано "AlwaysCreate".
       ClCompile:
         C:\Program Files\Microsoft Visual Studio 10.0\VC\bin\CL.exe /c /I"C:\Documents and Settings\Администратор\Мои документы\Visual Studio 2010\Projects\Lab9\MatrixDll" /ZI /nologo /W3 /WX- /Od /Oy- /D WIN32 /D _DEBUG /D _CONSOLE /D _UNICODE /D UNICODE /Gm /EHsc /RTC1 /MDd /GS /fp:precise /Zc:wchar_t /Zc:forScope /Yc"StdAfx.h" /Fp"Debug\MatrixExec.pch" /Fo"Debug\\" /Fd"Debug\vc100.pdb" /Gd /TP /analyze- /errorReport:prompt stdafx.cpp
         stdafx.cpp
         C:\Program Files\Microsoft Visual Studio 10.0\VC\bin\CL.exe /c /I"C:\Documents and Settings\Администратор\Мои документы\Visual Studio 2010\Projects\Lab9\MatrixDll" /ZI /nologo /W3 /WX- /Od /Oy- /D WIN32 /D _DEBUG /D _CONSOLE /D _UNICODE /D UNICODE /Gm /EHsc /RTC1 /MDd /GS /fp:precise /Zc:wchar_t /Zc:forScope /Yu"StdAfx.h" /Fp"Debug\MatrixExec.pch" /Fo"Debug\\" /Fd"Debug\vc100.pdb" /Gd /TP /analyze- /errorReport:prompt MatrixExec.cpp
         MatrixExec.cpp
       ManifestResourceCompile:
         Для всех выходных данных обновления не требуется.
       Link:
         C:\Program Files\Microsoft Visual Studio 10.0\VC\bin\link.exe /ERRORREPORT:PROMPT /OUT:"C:\Documents and Settings\Администратор\Рабочий стол\oop\Lab9\Lab9\Debug\MatrixExec.exe" /INCREMENTAL /NOLOGO /LIBPATH:"C:\Documents and Settings\Администратор\Мои документы\Visual Studio 2010\Projects\Lab9\MatrixDll" kernel32.lib user32.lib gdi32.lib winspool.lib comdlg32.lib advapi32.lib shell32.lib ole32.lib oleaut32.lib uuid.lib odbc32.lib odbccp32.lib /MANIFEST /ManifestFile:"Debug\MatrixExec.exe.intermediate.manifest" /MANIFESTUAC:"level='asInvoker' uiAccess='false'" /DEBUG /PDB:"C:\Documents and Settings\Администратор\Рабочий стол\oop\Lab9\Lab9\Debug\MatrixExec.pdb" /SUBSYSTEM:CONSOLE /TLBID:1 /DYNAMICBASE /NXCOMPAT /IMPLIB:"C:\Documents and Settings\Администратор\Рабочий стол\oop\Lab9\Lab9\Debug\MatrixExec.lib" /MACHINE:X86 Debug\MatrixExec.exe.embed.manifest.res
         Debug\MatrixExec.obj
         Debug\stdafx.obj
         "C:\Documents and Settings\Администратор\Рабочий стол\oop\Lab9\Lab9\Debug\MatrixDll.lib"
       Manifest:
         C:\Program Files\Microsoft SDKs\Windows\v7.0A\bin\mt.exe /nologo /verbose /out:"Debug\MatrixExec.exe.embed.manifest" /manifest Debug\MatrixExec.exe.intermediate.manifest
         Для всех выходных данных обновления не требуется.
       LinkEmbedManifest:
         Для всех выходных данных обновления не требуется.
         MatrixExec.vcxproj -> C:\Documents and Settings\Администратор\Рабочий стол\oop\Lab9\Lab9\Debug\MatrixExec.exe
       FinalizeBuildStatus:
         Файл "Debug\MatrixExec.unsuccessfulbuild" удаляется.
         Обращение к "Debug\MatrixExec.lastbuildstate".
     1>Построение проекта "C:\Documents and Settings\Администратор\Рабочий стол\oop\Lab9\Lab9\MatrixExec\MatrixExec.vcxproj" завершено (целевые объекты build).

Построение успешно завершено.

Затраченное время: 00:00:02.73
